2025-05-28 09:57:46,682 - INFO - Could not import comtypes.gen, trying to create it.
2025-05-28 09:57:46,685 - INFO - Created comtypes.gen directory: 'C:\Users\Npc\AppData\Local\Programs\Python\Python311\Lib\site-packages\comtypes\gen'
2025-05-28 09:57:46,686 - INFO - Writing __init__.py file: 'C:\Users\Npc\AppData\Local\Programs\Python\Python311\Lib\site-packages\comtypes\gen\__init__.py'
2025-05-28 09:57:46,717 - INFO - Using writeable comtypes cache directory: 'C:\Users\Npc\AppData\Local\Programs\Python\Python311\Lib\site-packages\comtypes\gen'
2025-05-28 09:57:47,388 - INFO - Could not import comtypes.gen._C866CA3A_32F7_11D2_9602_00C04F8EE628_0_5_4: No module named 'comtypes.gen._C866CA3A_32F7_11D2_9602_00C04F8EE628_0_5_4'
2025-05-28 09:57:47,457 - INFO - # Generating comtypes.gen._C866CA3A_32F7_11D2_9602_00C04F8EE628_0_5_4
2025-05-28 09:57:48,057 - INFO - # Generating comtypes.gen.SpeechLib
2025-05-28 09:57:48,120 - INFO - Could not import comtypes.gen._00020430_0000_0000_C000_000000000046_0_2_0: No module named 'comtypes.gen._00020430_0000_0000_C000_000000000046_0_2_0'
2025-05-28 09:57:48,159 - INFO - # Generating comtypes.gen._00020430_0000_0000_C000_000000000046_0_2_0
2025-05-28 09:57:48,210 - INFO - # Generating comtypes.gen.stdole
2025-05-28 09:58:00,405 - INFO - Système TTS initialisé
2025-05-28 09:58:08,212 - INFO - Webcam initialisée
2025-05-28 09:58:08,213 - INFO - Système de sécurité Flask initialisé
2025-05-28 09:58:09,746 - INFO - [31m[1mWARNING: This is a development server. Do not use it in a production deployment. Use a production WSGI server instead.[0m
 * Running on all addresses (0.0.0.0)
 * Running on http://127.0.0.1:5000
 * Running on http://192.168.5.41:5000
2025-05-28 09:58:09,762 - INFO - [33mPress CTRL+C to quit[0m
2025-05-28 09:58:26,594 - INFO - 127.0.0.1 - - [28/May/2025 09:58:26] "[33mGET / HTTP/1.1[0m" 404 -
2025-05-28 09:58:32,628 - INFO - 127.0.0.1 - - [28/May/2025 09:58:32] "[33mGET /test/front_end/components/side-icon.css HTTP/1.1[0m" 404 -
2025-05-28 09:58:32,637 - INFO - 127.0.0.1 - - [28/May/2025 09:58:32] "[33mGET /favicon.ico HTTP/1.1[0m" 404 -
2025-05-28 09:58:43,758 - INFO - 127.0.0.1 - - [28/May/2025 09:58:43] "GET /health HTTP/1.1" 200 -
2025-05-28 09:58:45,014 - INFO - 127.0.0.1 - - [28/May/2025 09:58:45] "[33mGET /test/front_end/components/side-icon.css HTTP/1.1[0m" 404 -
2025-05-28 10:02:13,188 - INFO - 127.0.0.1 - - [28/May/2025 10:02:13] "GET /access-logs HTTP/1.1" 200 -
2025-05-28 10:02:14,872 - INFO - 127.0.0.1 - - [28/May/2025 10:02:14] "[33mGET /test/front_end/components/side-icon.css HTTP/1.1[0m" 404 -
2025-05-28 10:15:39,185 - INFO - Système TTS fermé
2025-05-28 10:23:27,791 - ERROR - Erreur initialisation TTS: This means you probably do not have eSpeak or eSpeak-ng installed!
2025-05-28 10:23:27,792 - ERROR - Impossible d'ouvrir la webcam
2025-05-28 10:23:30,668 - WARNING - Retrying (Retry(total=2, connect=None, read=None, redirect=None, status=None)) after connection broken by 'SSLError(SSLCertVerificationError(1, "[SSL: CERTIFICATE_VERIFY_FAILED] certificate verify failed: Hostname mismatch, certificate is not valid for 'your-backend-server.com'. (_ssl.c:1006)"))': /api/health
2025-05-28 10:23:34,325 - WARNING - Retrying (Retry(total=1, connect=None, read=None, redirect=None, status=None)) after connection broken by 'SSLError(SSLCertVerificationError(1, "[SSL: CERTIFICATE_VERIFY_FAILED] certificate verify failed: Hostname mismatch, certificate is not valid for 'your-backend-server.com'. (_ssl.c:1006)"))': /api/health
2025-05-28 10:23:40,290 - WARNING - Retrying (Retry(total=0, connect=None, read=None, redirect=None, status=None)) after connection broken by 'SSLError(SSLCertVerificationError(1, "[SSL: CERTIFICATE_VERIFY_FAILED] certificate verify failed: Hostname mismatch, certificate is not valid for 'your-backend-server.com'. (_ssl.c:1006)"))': /api/health
2025-05-28 10:23:42,006 - ERROR - Test connexion backend échoué: HTTPSConnectionPool(host='your-backend-server.com', port=443): Max retries exceeded with url: /api/health (Caused by SSLError(SSLCertVerificationError(1, "[SSL: CERTIFICATE_VERIFY_FAILED] certificate verify failed: Hostname mismatch, certificate is not valid for 'your-backend-server.com'. (_ssl.c:1006)")))
2025-05-28 10:23:42,008 - WARNING - Backend non accessible - Mode hors ligne
2025-05-28 10:23:42,018 - INFO - Système Raspberry Pi initialisé - Device ID: raspberry_pi_1748420607
2025-05-28 10:23:42,382 - INFO - [31m[1mWARNING: This is a development server. Do not use it in a production deployment. Use a production WSGI server instead.[0m
 * Running on all addresses (0.0.0.0)
 * Running on http://127.0.0.1:5000
 * Running on http://10.89.205.144:5000
2025-05-28 10:23:42,385 - INFO - [33mPress CTRL+C to quit[0m
2025-05-28 10:24:39,567 - INFO - 127.0.0.1 - - [28/May/2025 10:24:39] "[33mGET /access-logs HTTP/1.1[0m" 404 -
2025-05-28 10:24:41,989 - INFO - 127.0.0.1 - - [28/May/2025 10:24:41] "[33mGET /test/front_end/components/side-icon.css HTTP/1.1[0m" 404 -
2025-05-28 10:25:10,183 - INFO - 127.0.0.1 - - [28/May/2025 10:25:10] "[35m[1mGET /capture HTTP/1.1[0m" 500 -
2025-05-28 10:25:11,605 - INFO - 127.0.0.1 - - [28/May/2025 10:25:11] "[33mGET /test/front_end/components/side-icon.css HTTP/1.1[0m" 404 -
2025-05-28 10:28:44,143 - WARNING - Retrying (Retry(total=2, connect=None, read=None, redirect=None, status=None)) after connection broken by 'SSLError(SSLCertVerificationError(1, "[SSL: CERTIFICATE_VERIFY_FAILED] certificate verify failed: Hostname mismatch, certificate is not valid for 'your-backend-server.com'. (_ssl.c:1006)"))': /api/health
2025-05-28 10:28:47,876 - WARNING - Retrying (Retry(total=1, connect=None, read=None, redirect=None, status=None)) after connection broken by 'SSLError(SSLCertVerificationError(1, "[SSL: CERTIFICATE_VERIFY_FAILED] certificate verify failed: Hostname mismatch, certificate is not valid for 'your-backend-server.com'. (_ssl.c:1006)"))': /api/health
2025-05-28 10:28:54,060 - WARNING - Retrying (Retry(total=0, connect=None, read=None, redirect=None, status=None)) after connection broken by 'SSLError(SSLCertVerificationError(1, "[SSL: CERTIFICATE_VERIFY_FAILED] certificate verify failed: Hostname mismatch, certificate is not valid for 'your-backend-server.com'. (_ssl.c:1006)"))': /api/health
2025-05-28 10:28:56,747 - ERROR - Test connexion backend échoué: HTTPSConnectionPool(host='your-backend-server.com', port=443): Max retries exceeded with url: /api/health (Caused by SSLError(SSLCertVerificationError(1, "[SSL: CERTIFICATE_VERIFY_FAILED] certificate verify failed: Hostname mismatch, certificate is not valid for 'your-backend-server.com'. (_ssl.c:1006)")))
2025-05-28 10:28:56,750 - WARNING - Backend non accessible - Mode hors ligne
2025-05-28 10:33:58,610 - WARNING - Retrying (Retry(total=2, connect=None, read=None, redirect=None, status=None)) after connection broken by 'SSLError(SSLCertVerificationError(1, "[SSL: CERTIFICATE_VERIFY_FAILED] certificate verify failed: Hostname mismatch, certificate is not valid for 'your-backend-server.com'. (_ssl.c:1006)"))': /api/health
2025-05-28 10:34:02,796 - WARNING - Retrying (Retry(total=1, connect=None, read=None, redirect=None, status=None)) after connection broken by 'SSLError(SSLCertVerificationError(1, "[SSL: CERTIFICATE_VERIFY_FAILED] certificate verify failed: Hostname mismatch, certificate is not valid for 'your-backend-server.com'. (_ssl.c:1006)"))': /api/health
2025-05-28 10:34:08,756 - WARNING - Retrying (Retry(total=0, connect=None, read=None, redirect=None, status=None)) after connection broken by 'SSLError(SSLCertVerificationError(1, "[SSL: CERTIFICATE_VERIFY_FAILED] certificate verify failed: Hostname mismatch, certificate is not valid for 'your-backend-server.com'. (_ssl.c:1006)"))': /api/health
2025-05-28 10:34:10,601 - ERROR - Test connexion backend échoué: HTTPSConnectionPool(host='your-backend-server.com', port=443): Max retries exceeded with url: /api/health (Caused by SSLError(SSLCertVerificationError(1, "[SSL: CERTIFICATE_VERIFY_FAILED] certificate verify failed: Hostname mismatch, certificate is not valid for 'your-backend-server.com'. (_ssl.c:1006)")))
2025-05-28 10:34:10,603 - WARNING - Backend non accessible - Mode hors ligne
2025-05-28 10:39:12,873 - WARNING - Retrying (Retry(total=2, connect=None, read=None, redirect=None, status=None)) after connection broken by 'SSLError(SSLCertVerificationError(1, "[SSL: CERTIFICATE_VERIFY_FAILED] certificate verify failed: Hostname mismatch, certificate is not valid for 'your-backend-server.com'. (_ssl.c:1006)"))': /api/health
2025-05-28 10:39:16,458 - WARNING - Retrying (Retry(total=1, connect=None, read=None, redirect=None, status=None)) after connection broken by 'SSLError(SSLCertVerificationError(1, "[SSL: CERTIFICATE_VERIFY_FAILED] certificate verify failed: Hostname mismatch, certificate is not valid for 'your-backend-server.com'. (_ssl.c:1006)"))': /api/health
2025-05-28 10:39:22,231 - WARNING - Retrying (Retry(total=0, connect=None, read=None, redirect=None, status=None)) after connection broken by 'SSLError(SSLCertVerificationError(1, "[SSL: CERTIFICATE_VERIFY_FAILED] certificate verify failed: Hostname mismatch, certificate is not valid for 'your-backend-server.com'. (_ssl.c:1006)"))': /api/health
2025-05-28 10:39:24,179 - ERROR - Test connexion backend échoué: HTTPSConnectionPool(host='your-backend-server.com', port=443): Max retries exceeded with url: /api/health (Caused by SSLError(SSLCertVerificationError(1, "[SSL: CERTIFICATE_VERIFY_FAILED] certificate verify failed: Hostname mismatch, certificate is not valid for 'your-backend-server.com'. (_ssl.c:1006)")))
2025-05-28 10:39:24,181 - WARNING - Backend non accessible - Mode hors ligne
2025-05-28 10:44:25,940 - WARNING - Retrying (Retry(total=2, connect=None, read=None, redirect=None, status=None)) after connection broken by 'SSLError(SSLCertVerificationError(1, "[SSL: CERTIFICATE_VERIFY_FAILED] certificate verify failed: Hostname mismatch, certificate is not valid for 'your-backend-server.com'. (_ssl.c:1006)"))': /api/health
2025-05-28 10:44:29,492 - WARNING - Retrying (Retry(total=1, connect=None, read=None, redirect=None, status=None)) after connection broken by 'SSLError(SSLCertVerificationError(1, "[SSL: CERTIFICATE_VERIFY_FAILED] certificate verify failed: Hostname mismatch, certificate is not valid for 'your-backend-server.com'. (_ssl.c:1006)"))': /api/health
2025-05-28 10:44:35,794 - WARNING - Retrying (Retry(total=0, connect=None, read=None, redirect=None, status=None)) after connection broken by 'SSLError(SSLCertVerificationError(1, "[SSL: CERTIFICATE_VERIFY_FAILED] certificate verify failed: Hostname mismatch, certificate is not valid for 'your-backend-server.com'. (_ssl.c:1006)"))': /api/health
2025-05-28 10:44:37,718 - ERROR - Test connexion backend échoué: HTTPSConnectionPool(host='your-backend-server.com', port=443): Max retries exceeded with url: /api/health (Caused by SSLError(SSLCertVerificationError(1, "[SSL: CERTIFICATE_VERIFY_FAILED] certificate verify failed: Hostname mismatch, certificate is not valid for 'your-backend-server.com'. (_ssl.c:1006)")))
2025-05-28 10:44:37,720 - WARNING - Backend non accessible - Mode hors ligne
2025-05-28 10:49:39,445 - WARNING - Retrying (Retry(total=2, connect=None, read=None, redirect=None, status=None)) after connection broken by 'SSLError(SSLCertVerificationError(1, "[SSL: CERTIFICATE_VERIFY_FAILED] certificate verify failed: Hostname mismatch, certificate is not valid for 'your-backend-server.com'. (_ssl.c:1006)"))': /api/health
2025-05-28 10:49:43,225 - WARNING - Retrying (Retry(total=1, connect=None, read=None, redirect=None, status=None)) after connection broken by 'SSLError(SSLCertVerificationError(1, "[SSL: CERTIFICATE_VERIFY_FAILED] certificate verify failed: Hostname mismatch, certificate is not valid for 'your-backend-server.com'. (_ssl.c:1006)"))': /api/health
2025-05-28 10:49:48,896 - WARNING - Retrying (Retry(total=0, connect=None, read=None, redirect=None, status=None)) after connection broken by 'SSLError(SSLCertVerificationError(1, "[SSL: CERTIFICATE_VERIFY_FAILED] certificate verify failed: Hostname mismatch, certificate is not valid for 'your-backend-server.com'. (_ssl.c:1006)"))': /api/health
2025-05-28 10:49:51,082 - ERROR - Test connexion backend échoué: HTTPSConnectionPool(host='your-backend-server.com', port=443): Max retries exceeded with url: /api/health (Caused by SSLError(SSLCertVerificationError(1, "[SSL: CERTIFICATE_VERIFY_FAILED] certificate verify failed: Hostname mismatch, certificate is not valid for 'your-backend-server.com'. (_ssl.c:1006)")))
2025-05-28 10:49:51,083 - WARNING - Backend non accessible - Mode hors ligne
2025-05-28 10:54:53,794 - WARNING - Retrying (Retry(total=2, connect=None, read=None, redirect=None, status=None)) after connection broken by 'SSLError(SSLCertVerificationError(1, "[SSL: CERTIFICATE_VERIFY_FAILED] certificate verify failed: Hostname mismatch, certificate is not valid for 'your-backend-server.com'. (_ssl.c:1006)"))': /api/health
2025-05-28 10:54:58,553 - WARNING - Retrying (Retry(total=1, connect=None, read=None, redirect=None, status=None)) after connection broken by 'SSLError(SSLCertVerificationError(1, "[SSL: CERTIFICATE_VERIFY_FAILED] certificate verify failed: Hostname mismatch, certificate is not valid for 'your-backend-server.com'. (_ssl.c:1006)"))': /api/health
2025-05-28 10:55:04,186 - WARNING - Retrying (Retry(total=0, connect=None, read=None, redirect=None, status=None)) after connection broken by 'SSLError(SSLCertVerificationError(1, "[SSL: CERTIFICATE_VERIFY_FAILED] certificate verify failed: Hostname mismatch, certificate is not valid for 'your-backend-server.com'. (_ssl.c:1006)"))': /api/health
2025-05-28 10:55:05,703 - ERROR - Test connexion backend échoué: HTTPSConnectionPool(host='your-backend-server.com', port=443): Max retries exceeded with url: /api/health (Caused by SSLError(SSLCertVerificationError(1, "[SSL: CERTIFICATE_VERIFY_FAILED] certificate verify failed: Hostname mismatch, certificate is not valid for 'your-backend-server.com'. (_ssl.c:1006)")))
2025-05-28 10:55:05,705 - WARNING - Backend non accessible - Mode hors ligne
2025-05-28 11:00:07,377 - WARNING - Retrying (Retry(total=2, connect=None, read=None, redirect=None, status=None)) after connection broken by 'SSLError(SSLCertVerificationError(1, "[SSL: CERTIFICATE_VERIFY_FAILED] certificate verify failed: Hostname mismatch, certificate is not valid for 'your-backend-server.com'. (_ssl.c:1006)"))': /api/health
2025-05-28 11:00:11,029 - WARNING - Retrying (Retry(total=1, connect=None, read=None, redirect=None, status=None)) after connection broken by 'SSLError(SSLCertVerificationError(1, "[SSL: CERTIFICATE_VERIFY_FAILED] certificate verify failed: Hostname mismatch, certificate is not valid for 'your-backend-server.com'. (_ssl.c:1006)"))': /api/health
2025-05-28 11:00:17,210 - WARNING - Retrying (Retry(total=0, connect=None, read=None, redirect=None, status=None)) after connection broken by 'SSLError(SSLCertVerificationError(1, "[SSL: CERTIFICATE_VERIFY_FAILED] certificate verify failed: Hostname mismatch, certificate is not valid for 'your-backend-server.com'. (_ssl.c:1006)"))': /api/health
2025-05-28 11:00:19,521 - ERROR - Test connexion backend échoué: HTTPSConnectionPool(host='your-backend-server.com', port=443): Max retries exceeded with url: /api/health (Caused by SSLError(SSLCertVerificationError(1, "[SSL: CERTIFICATE_VERIFY_FAILED] certificate verify failed: Hostname mismatch, certificate is not valid for 'your-backend-server.com'. (_ssl.c:1006)")))
2025-05-28 11:00:19,523 - WARNING - Backend non accessible - Mode hors ligne
2025-05-28 11:05:21,067 - WARNING - Retrying (Retry(total=2, connect=None, read=None, redirect=None, status=None)) after connection broken by 'SSLError(SSLCertVerificationError(1, "[SSL: CERTIFICATE_VERIFY_FAILED] certificate verify failed: Hostname mismatch, certificate is not valid for 'your-backend-server.com'. (_ssl.c:1006)"))': /api/health
2025-05-28 11:05:25,038 - WARNING - Retrying (Retry(total=1, connect=None, read=None, redirect=None, status=None)) after connection broken by 'SSLError(SSLCertVerificationError(1, "[SSL: CERTIFICATE_VERIFY_FAILED] certificate verify failed: Hostname mismatch, certificate is not valid for 'your-backend-server.com'. (_ssl.c:1006)"))': /api/health
2025-05-28 11:05:30,704 - WARNING - Retrying (Retry(total=0, connect=None, read=None, redirect=None, status=None)) after connection broken by 'SSLError(SSLCertVerificationError(1, "[SSL: CERTIFICATE_VERIFY_FAILED] certificate verify failed: Hostname mismatch, certificate is not valid for 'your-backend-server.com'. (_ssl.c:1006)"))': /api/health
2025-05-28 11:05:34,062 - ERROR - Test connexion backend échoué: HTTPSConnectionPool(host='your-backend-server.com', port=443): Max retries exceeded with url: /api/health (Caused by SSLError(SSLCertVerificationError(1, "[SSL: CERTIFICATE_VERIFY_FAILED] certificate verify failed: Hostname mismatch, certificate is not valid for 'your-backend-server.com'. (_ssl.c:1006)")))
2025-05-28 11:05:34,064 - WARNING - Backend non accessible - Mode hors ligne
2025-05-28 11:10:36,256 - WARNING - Retrying (Retry(total=2, connect=None, read=None, redirect=None, status=None)) after connection broken by 'SSLError(SSLCertVerificationError(1, "[SSL: CERTIFICATE_VERIFY_FAILED] certificate verify failed: Hostname mismatch, certificate is not valid for 'your-backend-server.com'. (_ssl.c:1006)"))': /api/health
2025-05-28 11:10:39,841 - WARNING - Retrying (Retry(total=1, connect=None, read=None, redirect=None, status=None)) after connection broken by 'SSLError(SSLCertVerificationError(1, "[SSL: CERTIFICATE_VERIFY_FAILED] certificate verify failed: Hostname mismatch, certificate is not valid for 'your-backend-server.com'. (_ssl.c:1006)"))': /api/health
2025-05-28 11:10:45,679 - WARNING - Retrying (Retry(total=0, connect=None, read=None, redirect=None, status=None)) after connection broken by 'SSLError(SSLCertVerificationError(1, "[SSL: CERTIFICATE_VERIFY_FAILED] certificate verify failed: Hostname mismatch, certificate is not valid for 'your-backend-server.com'. (_ssl.c:1006)"))': /api/health
2025-05-28 11:10:47,172 - ERROR - Test connexion backend échoué: HTTPSConnectionPool(host='your-backend-server.com', port=443): Max retries exceeded with url: /api/health (Caused by SSLError(SSLCertVerificationError(1, "[SSL: CERTIFICATE_VERIFY_FAILED] certificate verify failed: Hostname mismatch, certificate is not valid for 'your-backend-server.com'. (_ssl.c:1006)")))
2025-05-28 11:10:47,174 - WARNING - Backend non accessible - Mode hors ligne
2025-05-28 11:15:54,928 - WARNING - Retrying (Retry(total=2, connect=None, read=None, redirect=None, status=None)) after connection broken by 'SSLError(SSLCertVerificationError(1, "[SSL: CERTIFICATE_VERIFY_FAILED] certificate verify failed: Hostname mismatch, certificate is not valid for 'your-backend-server.com'. (_ssl.c:1006)"))': /api/health
2025-05-28 11:15:59,743 - WARNING - Retrying (Retry(total=1, connect=None, read=None, redirect=None, status=None)) after connection broken by 'SSLError(SSLCertVerificationError(1, "[SSL: CERTIFICATE_VERIFY_FAILED] certificate verify failed: Hostname mismatch, certificate is not valid for 'your-backend-server.com'. (_ssl.c:1006)"))': /api/health
2025-05-28 11:16:06,920 - WARNING - Retrying (Retry(total=0, connect=None, read=None, redirect=None, status=None)) after connection broken by 'SSLError(SSLCertVerificationError(1, "[SSL: CERTIFICATE_VERIFY_FAILED] certificate verify failed: Hostname mismatch, certificate is not valid for 'your-backend-server.com'. (_ssl.c:1006)"))': /api/health
2025-05-28 11:16:09,018 - ERROR - Test connexion backend échoué: HTTPSConnectionPool(host='your-backend-server.com', port=443): Max retries exceeded with url: /api/health (Caused by SSLError(SSLCertVerificationError(1, "[SSL: CERTIFICATE_VERIFY_FAILED] certificate verify failed: Hostname mismatch, certificate is not valid for 'your-backend-server.com'. (_ssl.c:1006)")))
2025-05-28 11:16:09,020 - WARNING - Backend non accessible - Mode hors ligne
2025-05-28 11:21:10,816 - WARNING - Retrying (Retry(total=2, connect=None, read=None, redirect=None, status=None)) after connection broken by 'SSLError(SSLCertVerificationError(1, "[SSL: CERTIFICATE_VERIFY_FAILED] certificate verify failed: Hostname mismatch, certificate is not valid for 'your-backend-server.com'. (_ssl.c:1006)"))': /api/health
2025-05-28 11:21:15,256 - WARNING - Retrying (Retry(total=1, connect=None, read=None, redirect=None, status=None)) after connection broken by 'SSLError(SSLCertVerificationError(1, "[SSL: CERTIFICATE_VERIFY_FAILED] certificate verify failed: Hostname mismatch, certificate is not valid for 'your-backend-server.com'. (_ssl.c:1006)"))': /api/health
2025-05-28 11:21:20,931 - WARNING - Retrying (Retry(total=0, connect=None, read=None, redirect=None, status=None)) after connection broken by 'SSLError(SSLCertVerificationError(1, "[SSL: CERTIFICATE_VERIFY_FAILED] certificate verify failed: Hostname mismatch, certificate is not valid for 'your-backend-server.com'. (_ssl.c:1006)"))': /api/health
2025-05-28 11:21:23,352 - ERROR - Test connexion backend échoué: HTTPSConnectionPool(host='your-backend-server.com', port=443): Max retries exceeded with url: /api/health (Caused by SSLError(SSLCertVerificationError(1, "[SSL: CERTIFICATE_VERIFY_FAILED] certificate verify failed: Hostname mismatch, certificate is not valid for 'your-backend-server.com'. (_ssl.c:1006)")))
2025-05-28 11:21:23,354 - WARNING - Backend non accessible - Mode hors ligne
2025-05-28 11:26:25,853 - WARNING - Retrying (Retry(total=2, connect=None, read=None, redirect=None, status=None)) after connection broken by 'SSLError(SSLCertVerificationError(1, "[SSL: CERTIFICATE_VERIFY_FAILED] certificate verify failed: Hostname mismatch, certificate is not valid for 'your-backend-server.com'. (_ssl.c:1006)"))': /api/health
2025-05-28 11:26:29,872 - WARNING - Retrying (Retry(total=1, connect=None, read=None, redirect=None, status=None)) after connection broken by 'SSLError(SSLCertVerificationError(1, "[SSL: CERTIFICATE_VERIFY_FAILED] certificate verify failed: Hostname mismatch, certificate is not valid for 'your-backend-server.com'. (_ssl.c:1006)"))': /api/health
2025-05-28 11:26:35,714 - WARNING - Retrying (Retry(total=0, connect=None, read=None, redirect=None, status=None)) after connection broken by 'SSLError(SSLCertVerificationError(1, "[SSL: CERTIFICATE_VERIFY_FAILED] certificate verify failed: Hostname mismatch, certificate is not valid for 'your-backend-server.com'. (_ssl.c:1006)"))': /api/health
2025-05-28 11:26:38,235 - ERROR - Test connexion backend échoué: HTTPSConnectionPool(host='your-backend-server.com', port=443): Max retries exceeded with url: /api/health (Caused by SSLError(SSLCertVerificationError(1, "[SSL: CERTIFICATE_VERIFY_FAILED] certificate verify failed: Hostname mismatch, certificate is not valid for 'your-backend-server.com'. (_ssl.c:1006)")))
2025-05-28 11:26:38,237 - WARNING - Backend non accessible - Mode hors ligne
2025-05-28 11:31:39,982 - WARNING - Retrying (Retry(total=2, connect=None, read=None, redirect=None, status=None)) after connection broken by 'SSLError(SSLCertVerificationError(1, "[SSL: CERTIFICATE_VERIFY_FAILED] certificate verify failed: Hostname mismatch, certificate is not valid for 'your-backend-server.com'. (_ssl.c:1006)"))': /api/health
2025-05-28 11:31:43,797 - WARNING - Retrying (Retry(total=1, connect=None, read=None, redirect=None, status=None)) after connection broken by 'SSLError(SSLCertVerificationError(1, "[SSL: CERTIFICATE_VERIFY_FAILED] certificate verify failed: Hostname mismatch, certificate is not valid for 'your-backend-server.com'. (_ssl.c:1006)"))': /api/health
2025-05-28 11:31:49,393 - WARNING - Retrying (Retry(total=0, connect=None, read=None, redirect=None, status=None)) after connection broken by 'SSLError(SSLCertVerificationError(1, "[SSL: CERTIFICATE_VERIFY_FAILED] certificate verify failed: Hostname mismatch, certificate is not valid for 'your-backend-server.com'. (_ssl.c:1006)"))': /api/health
2025-05-28 11:31:50,853 - ERROR - Test connexion backend échoué: HTTPSConnectionPool(host='your-backend-server.com', port=443): Max retries exceeded with url: /api/health (Caused by SSLError(SSLCertVerificationError(1, "[SSL: CERTIFICATE_VERIFY_FAILED] certificate verify failed: Hostname mismatch, certificate is not valid for 'your-backend-server.com'. (_ssl.c:1006)")))
2025-05-28 11:31:50,855 - WARNING - Backend non accessible - Mode hors ligne
2025-05-28 11:38:47,314 - WARNING - Retrying (Retry(total=2, connect=None, read=None, redirect=None, status=None)) after connection broken by 'SSLError(SSLCertVerificationError(1, "[SSL: CERTIFICATE_VERIFY_FAILED] certificate verify failed: Hostname mismatch, certificate is not valid for 'your-backend-server.com'. (_ssl.c:1006)"))': /api/health
2025-05-28 11:38:50,919 - WARNING - Retrying (Retry(total=1, connect=None, read=None, redirect=None, status=None)) after connection broken by 'SSLError(SSLCertVerificationError(1, "[SSL: CERTIFICATE_VERIFY_FAILED] certificate verify failed: Hostname mismatch, certificate is not valid for 'your-backend-server.com'. (_ssl.c:1006)"))': /api/health
2025-05-28 11:38:56,913 - WARNING - Retrying (Retry(total=0, connect=None, read=None, redirect=None, status=None)) after connection broken by 'SSLError(SSLCertVerificationError(1, "[SSL: CERTIFICATE_VERIFY_FAILED] certificate verify failed: Hostname mismatch, certificate is not valid for 'your-backend-server.com'. (_ssl.c:1006)"))': /api/health
2025-05-28 11:39:00,443 - ERROR - Test connexion backend échoué: HTTPSConnectionPool(host='your-backend-server.com', port=443): Max retries exceeded with url: /api/health (Caused by SSLError(SSLCertVerificationError(1, "[SSL: CERTIFICATE_VERIFY_FAILED] certificate verify failed: Hostname mismatch, certificate is not valid for 'your-backend-server.com'. (_ssl.c:1006)")))
2025-05-28 11:39:03,547 - WARNING - Backend non accessible - Mode hors ligne
2025-05-28 11:44:08,655 - WARNING - Retrying (Retry(total=2, connect=None, read=None, redirect=None, status=None)) after connection broken by 'SSLError(SSLCertVerificationError(1, "[SSL: CERTIFICATE_VERIFY_FAILED] certificate verify failed: Hostname mismatch, certificate is not valid for 'your-backend-server.com'. (_ssl.c:1006)"))': /api/health
2025-05-28 11:44:13,222 - WARNING - Retrying (Retry(total=1, connect=None, read=None, redirect=None, status=None)) after connection broken by 'SSLError(SSLCertVerificationError(1, "[SSL: CERTIFICATE_VERIFY_FAILED] certificate verify failed: Hostname mismatch, certificate is not valid for 'your-backend-server.com'. (_ssl.c:1006)"))': /api/health
2025-05-28 11:44:19,725 - WARNING - Retrying (Retry(total=0, connect=None, read=None, redirect=None, status=None)) after connection broken by 'SSLError(SSLCertVerificationError(1, "[SSL: CERTIFICATE_VERIFY_FAILED] certificate verify failed: Hostname mismatch, certificate is not valid for 'your-backend-server.com'. (_ssl.c:1006)"))': /api/health
2025-05-28 11:44:22,424 - ERROR - Test connexion backend échoué: HTTPSConnectionPool(host='your-backend-server.com', port=443): Max retries exceeded with url: /api/health (Caused by SSLError(SSLCertVerificationError(1, "[SSL: CERTIFICATE_VERIFY_FAILED] certificate verify failed: Hostname mismatch, certificate is not valid for 'your-backend-server.com'. (_ssl.c:1006)")))
2025-05-28 11:44:22,426 - WARNING - Backend non accessible - Mode hors ligne
2025-05-28 11:49:24,272 - WARNING - Retrying (Retry(total=2, connect=None, read=None, redirect=None, status=None)) after connection broken by 'SSLError(SSLCertVerificationError(1, "[SSL: CERTIFICATE_VERIFY_FAILED] certificate verify failed: Hostname mismatch, certificate is not valid for 'your-backend-server.com'. (_ssl.c:1006)"))': /api/health
2025-05-28 11:49:29,393 - WARNING - Retrying (Retry(total=1, connect=None, read=None, redirect=None, status=None)) after connection broken by 'SSLError(SSLCertVerificationError(1, "[SSL: CERTIFICATE_VERIFY_FAILED] certificate verify failed: Hostname mismatch, certificate is not valid for 'your-backend-server.com'. (_ssl.c:1006)"))': /api/health
2025-05-28 11:49:35,913 - WARNING - Retrying (Retry(total=0, connect=None, read=None, redirect=None, status=None)) after connection broken by 'SSLError(SSLCertVerificationError(1, "[SSL: CERTIFICATE_VERIFY_FAILED] certificate verify failed: Hostname mismatch, certificate is not valid for 'your-backend-server.com'. (_ssl.c:1006)"))': /api/health
2025-05-28 11:49:38,157 - ERROR - Test connexion backend échoué: HTTPSConnectionPool(host='your-backend-server.com', port=443): Max retries exceeded with url: /api/health (Caused by SSLError(SSLCertVerificationError(1, "[SSL: CERTIFICATE_VERIFY_FAILED] certificate verify failed: Hostname mismatch, certificate is not valid for 'your-backend-server.com'. (_ssl.c:1006)")))
2025-05-28 11:49:38,159 - WARNING - Backend non accessible - Mode hors ligne
2025-05-28 11:54:40,010 - WARNING - Retrying (Retry(total=2, connect=None, read=None, redirect=None, status=None)) after connection broken by 'SSLError(SSLCertVerificationError(1, "[SSL: CERTIFICATE_VERIFY_FAILED] certificate verify failed: Hostname mismatch, certificate is not valid for 'your-backend-server.com'. (_ssl.c:1006)"))': /api/health
2025-05-28 11:54:43,621 - WARNING - Retrying (Retry(total=1, connect=None, read=None, redirect=None, status=None)) after connection broken by 'SSLError(SSLCertVerificationError(1, "[SSL: CERTIFICATE_VERIFY_FAILED] certificate verify failed: Hostname mismatch, certificate is not valid for 'your-backend-server.com'. (_ssl.c:1006)"))': /api/health
2025-05-28 11:54:49,927 - WARNING - Retrying (Retry(total=0, connect=None, read=None, redirect=None, status=None)) after connection broken by 'SSLError(SSLCertVerificationError(1, "[SSL: CERTIFICATE_VERIFY_FAILED] certificate verify failed: Hostname mismatch, certificate is not valid for 'your-backend-server.com'. (_ssl.c:1006)"))': /api/health
2025-05-28 11:54:51,975 - ERROR - Test connexion backend échoué: HTTPSConnectionPool(host='your-backend-server.com', port=443): Max retries exceeded with url: /api/health (Caused by SSLError(SSLCertVerificationError(1, "[SSL: CERTIFICATE_VERIFY_FAILED] certificate verify failed: Hostname mismatch, certificate is not valid for 'your-backend-server.com'. (_ssl.c:1006)")))
2025-05-28 11:54:51,977 - WARNING - Backend non accessible - Mode hors ligne
2025-05-28 11:59:53,592 - WARNING - Retrying (Retry(total=2, connect=None, read=None, redirect=None, status=None)) after connection broken by 'SSLError(SSLCertVerificationError(1, "[SSL: CERTIFICATE_VERIFY_FAILED] certificate verify failed: Hostname mismatch, certificate is not valid for 'your-backend-server.com'. (_ssl.c:1006)"))': /api/health
2025-05-28 11:59:57,404 - WARNING - Retrying (Retry(total=1, connect=None, read=None, redirect=None, status=None)) after connection broken by 'SSLError(SSLCertVerificationError(1, "[SSL: CERTIFICATE_VERIFY_FAILED] certificate verify failed: Hostname mismatch, certificate is not valid for 'your-backend-server.com'. (_ssl.c:1006)"))': /api/health
2025-05-28 12:00:03,130 - WARNING - Retrying (Retry(total=0, connect=None, read=None, redirect=None, status=None)) after connection broken by 'SSLError(SSLCertVerificationError(1, "[SSL: CERTIFICATE_VERIFY_FAILED] certificate verify failed: Hostname mismatch, certificate is not valid for 'your-backend-server.com'. (_ssl.c:1006)"))': /api/health
2025-05-28 12:00:05,890 - ERROR - Test connexion backend échoué: HTTPSConnectionPool(host='your-backend-server.com', port=443): Max retries exceeded with url: /api/health (Caused by SSLError(SSLCertVerificationError(1, "[SSL: CERTIFICATE_VERIFY_FAILED] certificate verify failed: Hostname mismatch, certificate is not valid for 'your-backend-server.com'. (_ssl.c:1006)")))
2025-05-28 12:00:05,892 - WARNING - Backend non accessible - Mode hors ligne
2025-05-28 12:05:08,109 - WARNING - Retrying (Retry(total=2, connect=None, read=None, redirect=None, status=None)) after connection broken by 'SSLError(SSLCertVerificationError(1, "[SSL: CERTIFICATE_VERIFY_FAILED] certificate verify failed: Hostname mismatch, certificate is not valid for 'your-backend-server.com'. (_ssl.c:1006)"))': /api/health
2025-05-28 12:05:12,369 - WARNING - Retrying (Retry(total=1, connect=None, read=None, redirect=None, status=None)) after connection broken by 'SSLError(SSLCertVerificationError(1, "[SSL: CERTIFICATE_VERIFY_FAILED] certificate verify failed: Hostname mismatch, certificate is not valid for 'your-backend-server.com'. (_ssl.c:1006)"))': /api/health
2025-05-28 12:05:18,444 - WARNING - Retrying (Retry(total=0, connect=None, read=None, redirect=None, status=None)) after connection broken by 'SSLError(SSLCertVerificationError(1, "[SSL: CERTIFICATE_VERIFY_FAILED] certificate verify failed: Hostname mismatch, certificate is not valid for 'your-backend-server.com'. (_ssl.c:1006)"))': /api/health
2025-05-28 12:05:20,274 - ERROR - Test connexion backend échoué: HTTPSConnectionPool(host='your-backend-server.com', port=443): Max retries exceeded with url: /api/health (Caused by SSLError(SSLCertVerificationError(1, "[SSL: CERTIFICATE_VERIFY_FAILED] certificate verify failed: Hostname mismatch, certificate is not valid for 'your-backend-server.com'. (_ssl.c:1006)")))
2025-05-28 12:05:20,276 - WARNING - Backend non accessible - Mode hors ligne
2025-05-28 12:10:22,491 - WARNING - Retrying (Retry(total=2, connect=None, read=None, redirect=None, status=None)) after connection broken by 'SSLError(SSLCertVerificationError(1, "[SSL: CERTIFICATE_VERIFY_FAILED] certificate verify failed: Hostname mismatch, certificate is not valid for 'your-backend-server.com'. (_ssl.c:1006)"))': /api/health
2025-05-28 12:10:25,977 - WARNING - Retrying (Retry(total=1, connect=None, read=None, redirect=None, status=None)) after connection broken by 'SSLError(SSLCertVerificationError(1, "[SSL: CERTIFICATE_VERIFY_FAILED] certificate verify failed: Hostname mismatch, certificate is not valid for 'your-backend-server.com'. (_ssl.c:1006)"))': /api/health
2025-05-28 12:10:31,604 - WARNING - Retrying (Retry(total=0, connect=None, read=None, redirect=None, status=None)) after connection broken by 'SSLError(SSLCertVerificationError(1, "[SSL: CERTIFICATE_VERIFY_FAILED] certificate verify failed: Hostname mismatch, certificate is not valid for 'your-backend-server.com'. (_ssl.c:1006)"))': /api/health
2025-05-28 12:10:33,051 - ERROR - Test connexion backend échoué: HTTPSConnectionPool(host='your-backend-server.com', port=443): Max retries exceeded with url: /api/health (Caused by SSLError(SSLCertVerificationError(1, "[SSL: CERTIFICATE_VERIFY_FAILED] certificate verify failed: Hostname mismatch, certificate is not valid for 'your-backend-server.com'. (_ssl.c:1006)")))
2025-05-28 12:10:33,053 - WARNING - Backend non accessible - Mode hors ligne
2025-05-28 12:15:11,384 - INFO - Nettoyage terminé
2025-05-28 12:17:08,571 - ERROR - Erreur initialisation TTS: This means you probably do not have eSpeak or eSpeak-ng installed!
2025-05-29 08:09:34,002 - ERROR - Erreur initialisation TTS: This means you probably do not have eSpeak or eSpeak-ng installed!
2025-05-29 08:09:34,075 - ERROR - Impossible d'ouvrir la webcam
2025-05-29 08:09:50,586 - WARNING - Retrying (Retry(total=2, connect=None, read=None, redirect=None, status=None)) after connection broken by 'ReadTimeoutError("HTTPSConnectionPool(host='apps.mediabox.bi', port=26875): Read timed out. (read timeout=10)")': /health
2025-05-29 08:09:53,895 - WARNING - Backend non accessible - Mode hors ligne
2025-05-29 08:09:53,897 - INFO - Système Raspberry Pi initialisé avec contrôle de porte - Device ID: https://apps.mediabox.bi:26875/
2025-05-29 08:09:54,865 - INFO - [31m[1mWARNING: This is a development server. Do not use it in a production deployment. Use a production WSGI server instead.[0m
 * Running on all addresses (0.0.0.0)
 * Running on http://127.0.0.1:5001
 * Running on http://10.66.221.250:5001
2025-05-29 08:09:54,868 - INFO - [33mPress CTRL+C to quit[0m
2025-05-29 08:14:24,251 - ERROR - Erreur initialisation TTS: This means you probably do not have eSpeak or eSpeak-ng installed!
2025-05-29 08:14:24,253 - ERROR - Impossible d'ouvrir la webcam
2025-05-29 08:14:28,204 - WARNING - Backend non accessible - Mode hors ligne
2025-05-29 08:14:28,238 - INFO - Système Raspberry Pi initialisé avec contrôle de porte - Device ID: https://apps.mediabox.bi:26875/
2025-05-29 08:14:28,874 - INFO - [31m[1mWARNING: This is a development server. Do not use it in a production deployment. Use a production WSGI server instead.[0m
 * Running on all addresses (0.0.0.0)
 * Running on http://127.0.0.1:5001
 * Running on http://10.66.221.250:5001
2025-05-29 08:14:28,877 - INFO - [33mPress CTRL+C to quit[0m
2025-05-29 08:19:30,690 - WARNING - Backend non accessible - Mode hors ligne
2025-05-29 08:24:42,609 - WARNING - Retrying (Retry(total=2, connect=None, read=None, redirect=None, status=None)) after connection broken by 'ReadTimeoutError("HTTPSConnectionPool(host='apps.mediabox.bi', port=26875): Read timed out. (read timeout=10)")': /warehouse_access
2025-05-29 08:24:57,543 - WARNING - Retrying (Retry(total=1, connect=None, read=None, redirect=None, status=None)) after connection broken by 'ReadTimeoutError("HTTPSConnectionPool(host='apps.mediabox.bi', port=26875): Read timed out. (read timeout=10)")': /warehouse_access
2025-05-29 08:25:12,796 - WARNING - Retrying (Retry(total=0, connect=None, read=None, redirect=None, status=None)) after connection broken by 'ReadTimeoutError("HTTPSConnectionPool(host='apps.mediabox.bi', port=26875): Read timed out. (read timeout=10)")': /warehouse_access
2025-05-29 08:25:18,149 - WARNING - Backend non accessible - Mode hors ligne
2025-05-29 08:30:29,314 - WARNING - Retrying (Retry(total=2, connect=None, read=None, redirect=None, status=None)) after connection broken by 'NameResolutionError("<urllib3.connection.HTTPSConnection object at 0x000001DD958AF9D0>: Failed to resolve 'apps.mediabox.bi' ([Errno 11001] getaddrinfo failed)")': /warehouse_access
2025-05-29 08:30:42,499 - WARNING - Retrying (Retry(total=1, connect=None, read=None, redirect=None, status=None)) after connection broken by 'NameResolutionError("<urllib3.connection.HTTPSConnection object at 0x000001DD958DD5D0>: Failed to resolve 'apps.mediabox.bi' ([Errno 11001] getaddrinfo failed)")': /warehouse_access
2025-05-29 08:30:46,504 - WARNING - Retrying (Retry(total=0, connect=None, read=None, redirect=None, status=None)) after connection broken by 'NameResolutionError("<urllib3.connection.HTTPSConnection object at 0x000001DD958DDD50>: Failed to resolve 'apps.mediabox.bi' ([Errno 11001] getaddrinfo failed)")': /warehouse_access
2025-05-29 08:30:53,631 - ERROR - Test connexion backend échoué: HTTPSConnectionPool(host='apps.mediabox.bi', port=26875): Max retries exceeded with url: /warehouse_access (Caused by NameResolutionError("<urllib3.connection.HTTPSConnection object at 0x000001DD958DE4D0>: Failed to resolve 'apps.mediabox.bi' ([Errno 11001] getaddrinfo failed)"))
2025-05-29 08:30:53,634 - WARNING - Backend non accessible - Mode hors ligne
2025-05-29 08:35:59,401 - WARNING - Backend non accessible - Mode hors ligne
2025-05-29 08:41:05,996 - WARNING - Backend non accessible - Mode hors ligne
2025-05-29 08:46:11,812 - WARNING - Backend non accessible - Mode hors ligne
2025-05-29 08:51:16,653 - WARNING - Backend non accessible - Mode hors ligne
2025-05-29 08:56:22,783 - WARNING - Backend non accessible - Mode hors ligne
2025-05-29 09:01:25,597 - WARNING - Backend non accessible - Mode hors ligne
2025-05-29 09:06:29,622 - WARNING - Backend non accessible - Mode hors ligne
2025-05-29 09:11:32,026 - WARNING - Backend non accessible - Mode hors ligne
